2015/11/21 20:39:49 INFO  - jmeter.util.JMeterUtils: Setting Locale to en_US 
2015/11/21 20:39:49 INFO  - jmeter.JMeter: Loading user properties from: /programs/apache-jmeter-2.13/bin/user.properties 
2015/11/21 20:39:49 INFO  - jmeter.JMeter: Loading system properties from: /programs/apache-jmeter-2.13/bin/system.properties 
2015/11/21 20:39:49 INFO  - jmeter.JMeter: Copyright (c) 1998-2015 The Apache Software Foundation 
2015/11/21 20:39:49 INFO  - jmeter.JMeter: Version 2.13 r1665067 
2015/11/21 20:39:49 INFO  - jmeter.JMeter: java.version=1.8.0_60 
2015/11/21 20:39:49 INFO  - jmeter.JMeter: java.vm.name=Java HotSpot(TM) 64-Bit Server VM 
2015/11/21 20:39:49 INFO  - jmeter.JMeter: os.name=Mac OS X 
2015/11/21 20:39:49 INFO  - jmeter.JMeter: os.arch=x86_64 
2015/11/21 20:39:49 INFO  - jmeter.JMeter: os.version=10.9.5 
2015/11/21 20:39:49 INFO  - jmeter.JMeter: file.encoding=UTF-8 
2015/11/21 20:39:49 INFO  - jmeter.JMeter: Default Locale=English (United States) 
2015/11/21 20:39:49 INFO  - jmeter.JMeter: JMeter  Locale=English (United States) 
2015/11/21 20:39:49 INFO  - jmeter.JMeter: JMeterHome=/programs/apache-jmeter-2.13 
2015/11/21 20:39:49 INFO  - jmeter.JMeter: user.dir  =/Users/jan/Documents/workspace/github/seasame/src/jmeter 
2015/11/21 20:39:49 INFO  - jmeter.JMeter: PWD       =/Users/jan/Documents/workspace/github/seasame/src/jmeter 
2015/11/21 20:39:49 INFO  - jmeter.JMeter: IP: 10.0.1.3 Name: Jans-MacBook-Pro.local FullName: 10.0.1.3 
2015/11/21 20:39:50 INFO  - jmeter.gui.action.LookAndFeelCommand: Using look and feel: com.apple.laf.AquaLookAndFeel [Mac OS X, System] 
2015/11/21 20:39:50 INFO  - jmeter.JMeter: Loaded icon properties from org/apache/jmeter/images/icon.properties 
2015/11/21 20:39:54 INFO  - jmeter.engine.util.CompoundVariable: Note: Function class names must contain the string: '.functions.' 
2015/11/21 20:39:54 INFO  - jmeter.engine.util.CompoundVariable: Note: Function class names must not contain the string: '.gui.' 
2015/11/21 20:39:55 INFO  - jmeter.util.BSFTestElement: Registering JMeter version of JavaScript engine as work-round for BSF-22 
2015/11/21 20:39:56 INFO  - jmeter.protocol.http.sampler.HTTPSamplerBase: Cannot find .className property for htmlParser, using default 
2015/11/21 20:39:56 INFO  - jmeter.protocol.http.sampler.HTTPSamplerBase: Parser for text/html is  
2015/11/21 20:39:56 INFO  - jmeter.protocol.http.sampler.HTTPSamplerBase: Parser for application/xhtml+xml is  
2015/11/21 20:39:56 INFO  - jmeter.protocol.http.sampler.HTTPSamplerBase: Parser for application/xml is  
2015/11/21 20:39:56 INFO  - jmeter.protocol.http.sampler.HTTPSamplerBase: Parser for text/xml is  
2015/11/21 20:39:56 INFO  - jmeter.protocol.http.sampler.HTTPSamplerBase: Parser for text/vnd.wap.wml is org.apache.jmeter.protocol.http.parser.RegexpHTMLParser 
2015/11/21 20:39:56 INFO  - jmeter.gui.util.MenuFactory: Skipping org.apache.jmeter.protocol.http.control.gui.WebServiceSamplerGui 
2015/11/21 20:39:56 INFO  - jmeter.gui.util.MenuFactory: Skipping org.apache.jmeter.protocol.http.modifier.gui.ParamModifierGui 
2015/11/21 20:39:56 INFO  - jorphan.exec.KeyToolUtils: keytool found at 'keytool' 
2015/11/21 20:39:56 INFO  - jmeter.protocol.http.proxy.ProxyControl: HTTP(S) Test Script Recorder SSL Proxy will use keys that support embedded 3rd party resources in file /programs/apache-jmeter-2.13/bin/proxyserver.jks 
2015/11/21 20:39:57 INFO  - jmeter.samplers.SampleResult: Note: Sample TimeStamps are START times 
2015/11/21 20:39:57 INFO  - jmeter.samplers.SampleResult: sampleresult.default.encoding is set to ISO-8859-1 
2015/11/21 20:39:57 INFO  - jmeter.samplers.SampleResult: sampleresult.useNanoTime=true 
2015/11/21 20:39:57 INFO  - jmeter.samplers.SampleResult: sampleresult.nanoThreadSleep=5000 
2015/11/21 20:40:57 INFO  - jmeter.services.FileServer: Default base='/Users/jan/Documents/workspace/github/seasame/src/jmeter' 
2015/11/21 20:40:57 INFO  - jmeter.services.FileServer: Set new base='/Users/jan/Documents/workspace/github/seasame/src/jmeter' 
2015/11/21 20:40:57 INFO  - jmeter.save.SaveService: Testplan (JMX) version: 2.2. Testlog (JTL) version: 2.2 
2015/11/21 20:40:57 INFO  - jmeter.save.SaveService: Using SaveService properties file encoding UTF-8 
2015/11/21 20:40:57 INFO  - jmeter.save.SaveService: Using SaveService properties file version 1656252 
2015/11/21 20:40:57 INFO  - jmeter.save.SaveService: Using SaveService properties version 2.8 
2015/11/21 20:40:57 INFO  - jmeter.save.SaveService: All converter versions present and correct 
2015/11/21 20:41:53 ERROR - jmeter.JMeter: Uncaught exception:  java.lang.ArrayIndexOutOfBoundsException: -30
	at org.apache.jorphan.gui.MenuScroller.refreshMenu(MenuScroller.java:552)
	at org.apache.jorphan.gui.MenuScroller.access$300(MenuScroller.java:55)
	at org.apache.jorphan.gui.MenuScroller$MouseScrollListener.mouseWheelMoved(MenuScroller.java:578)
	at java.awt.Component.processMouseWheelEvent(Component.java:6623)
	at java.awt.Component.processEvent(Component.java:6307)
	at java.awt.Container.processEvent(Container.java:2236)
	at java.awt.Component.dispatchEventImpl(Component.java:4891)
	at java.awt.Container.dispatchEventToSelf(Container.java:2318)
	at java.awt.Component.dispatchMouseWheelToAncestor(Component.java:5044)
	at java.awt.Component.dispatchEventImpl(Component.java:4778)
	at java.awt.Container.dispatchEventImpl(Container.java:2294)
	at java.awt.Component.dispatchEvent(Component.java:4713)
	at java.awt.LightweightDispatcher.retargetMouseEvent(Container.java:4888)
	at java.awt.LightweightDispatcher.processMouseEvent(Container.java:4554)
	at java.awt.LightweightDispatcher.dispatchEvent(Container.java:4466)
	at java.awt.Container.dispatchEventImpl(Container.java:2280)
	at java.awt.Window.dispatchEventImpl(Window.java:2750)
	at java.awt.Component.dispatchEvent(Component.java:4713)
	at java.awt.EventQueue.dispatchEventImpl(EventQueue.java:758)
	at java.awt.EventQueue.access$500(EventQueue.java:97)
	at java.awt.EventQueue$3.run(EventQueue.java:709)
	at java.awt.EventQueue$3.run(EventQueue.java:703)
	at java.security.AccessController.doPrivileged(Native Method)
	at java.security.ProtectionDomain$JavaSecurityAccessImpl.doIntersectionPrivilege(ProtectionDomain.java:76)
	at java.security.ProtectionDomain$JavaSecurityAccessImpl.doIntersectionPrivilege(ProtectionDomain.java:86)
	at java.awt.EventQueue$4.run(EventQueue.java:731)
	at java.awt.EventQueue$4.run(EventQueue.java:729)
	at java.security.AccessController.doPrivileged(Native Method)
	at java.security.ProtectionDomain$JavaSecurityAccessImpl.doIntersectionPrivilege(ProtectionDomain.java:76)
	at java.awt.EventQueue.dispatchEvent(EventQueue.java:728)
	at java.awt.EventDispatchThread.pumpOneEventForFilters(EventDispatchThread.java:201)
	at java.awt.EventDispatchThread.pumpEventsForFilter(EventDispatchThread.java:116)
	at java.awt.EventDispatchThread.pumpEventsForHierarchy(EventDispatchThread.java:105)
	at java.awt.EventDispatchThread.pumpEvents(EventDispatchThread.java:101)
	at java.awt.EventDispatchThread.pumpEvents(EventDispatchThread.java:93)
	at java.awt.EventDispatchThread.run(EventDispatchThread.java:82)

2015/11/21 20:42:20 INFO  - jmeter.engine.StandardJMeterEngine: Listeners will be started after enabling running version 
2015/11/21 20:42:20 INFO  - jmeter.engine.StandardJMeterEngine: To revert to the earlier behaviour, define jmeterengine.startlistenerslater=false 
2015/11/21 20:42:20 INFO  - jmeter.engine.StandardJMeterEngine: Running the test! 
2015/11/21 20:42:20 INFO  - jmeter.samplers.SampleEvent: List of sample_variables: [] 
2015/11/21 20:42:20 INFO  - jmeter.samplers.SampleEvent: List of sample_variables: [] 
2015/11/21 20:42:20 INFO  - jmeter.gui.util.JMeterMenuBar: setRunning(true,*local*) 
2015/11/21 20:42:21 INFO  - jmeter.engine.StandardJMeterEngine: Starting ThreadGroup: 1 : Thread Group 
2015/11/21 20:42:21 INFO  - jmeter.engine.StandardJMeterEngine: Starting 1 threads for group Thread Group. 
2015/11/21 20:42:21 INFO  - jmeter.engine.StandardJMeterEngine: Thread will continue on error 
2015/11/21 20:42:21 INFO  - jmeter.threads.ThreadGroup: Starting thread group number 1 threads 1 ramp-up 1 perThread 1000.0 delayedStart=false 
2015/11/21 20:42:21 INFO  - jmeter.threads.JMeterThread: jmeterthread.startearlier=true (see jmeter.properties) 
2015/11/21 20:42:21 INFO  - jmeter.threads.JMeterThread: Running PostProcessors in forward order 
2015/11/21 20:42:21 INFO  - jmeter.threads.ThreadGroup: Started thread group number 1 
2015/11/21 20:42:21 INFO  - jmeter.engine.StandardJMeterEngine: All thread groups have been started 
2015/11/21 20:42:21 INFO  - jmeter.threads.JMeterThread: Thread started: Thread Group 1-1 
2015/11/21 20:42:21 INFO  - jmeter.protocol.http.sampler.HTTPHCAbstractImpl: Local host = Jans-MacBook-Pro.local 
2015/11/21 20:42:21 INFO  - jmeter.protocol.http.sampler.HTTPHC4Impl: HTTP request retry count = 0 
2015/11/21 20:42:21 INFO  - jmeter.protocol.http.sampler.HTTPHC4Impl: Setting up HTTPS TrustAll scheme 
2015/11/21 20:42:21 INFO  - jmeter.util.JsseSSLManager: Using default SSL protocol: TLS 
2015/11/21 20:42:21 INFO  - jmeter.util.JsseSSLManager: SSL session context: per-thread 
2015/11/21 20:42:21 INFO  - jmeter.threads.JMeterThread: Thread is done: Thread Group 1-1 
2015/11/21 20:42:21 INFO  - jmeter.threads.JMeterThread: Thread finished: Thread Group 1-1 
2015/11/21 20:42:21 INFO  - jmeter.engine.StandardJMeterEngine: Notifying test listeners of end of test 
2015/11/21 20:42:21 INFO  - jmeter.gui.util.JMeterMenuBar: setRunning(false,*local*) 
2015/11/21 20:42:35 INFO  - jmeter.engine.StandardJMeterEngine: Running the test! 
2015/11/21 20:42:35 INFO  - jmeter.samplers.SampleEvent: List of sample_variables: [] 
2015/11/21 20:42:35 INFO  - jmeter.gui.util.JMeterMenuBar: setRunning(true,*local*) 
2015/11/21 20:42:36 INFO  - jmeter.engine.StandardJMeterEngine: Starting ThreadGroup: 1 : Thread Group 
2015/11/21 20:42:36 INFO  - jmeter.engine.StandardJMeterEngine: Starting 1 threads for group Thread Group. 
2015/11/21 20:42:36 INFO  - jmeter.engine.StandardJMeterEngine: Thread will continue on error 
2015/11/21 20:42:36 INFO  - jmeter.threads.ThreadGroup: Starting thread group number 1 threads 1 ramp-up 1 perThread 1000.0 delayedStart=false 
2015/11/21 20:42:36 INFO  - jmeter.threads.ThreadGroup: Started thread group number 1 
2015/11/21 20:42:36 INFO  - jmeter.engine.StandardJMeterEngine: All thread groups have been started 
2015/11/21 20:42:36 INFO  - jmeter.threads.JMeterThread: Thread started: Thread Group 1-1 
2015/11/21 20:42:36 INFO  - jmeter.threads.JMeterThread: Thread is done: Thread Group 1-1 
2015/11/21 20:42:36 INFO  - jmeter.threads.JMeterThread: Thread finished: Thread Group 1-1 
2015/11/21 20:42:36 INFO  - jmeter.engine.StandardJMeterEngine: Notifying test listeners of end of test 
2015/11/21 20:42:36 INFO  - jmeter.gui.util.JMeterMenuBar: setRunning(false,*local*) 
2015/11/21 20:45:29 INFO  - jmeter.engine.StandardJMeterEngine: Running the test! 
2015/11/21 20:45:29 INFO  - jmeter.samplers.SampleEvent: List of sample_variables: [] 
2015/11/21 20:45:29 INFO  - jmeter.gui.util.JMeterMenuBar: setRunning(true,*local*) 
2015/11/21 20:45:30 INFO  - jmeter.engine.StandardJMeterEngine: Starting ThreadGroup: 1 : Thread Group 
2015/11/21 20:45:30 INFO  - jmeter.engine.StandardJMeterEngine: Starting 1 threads for group Thread Group. 
2015/11/21 20:45:30 INFO  - jmeter.engine.StandardJMeterEngine: Thread will continue on error 
2015/11/21 20:45:30 INFO  - jmeter.threads.ThreadGroup: Starting thread group number 1 threads 1 ramp-up 1 perThread 1000.0 delayedStart=false 
2015/11/21 20:45:30 INFO  - jmeter.threads.ThreadGroup: Started thread group number 1 
2015/11/21 20:45:30 INFO  - jmeter.engine.StandardJMeterEngine: All thread groups have been started 
2015/11/21 20:45:30 INFO  - jmeter.threads.JMeterThread: Thread started: Thread Group 1-1 
2015/11/21 20:45:30 INFO  - jmeter.threads.JMeterThread: Thread is done: Thread Group 1-1 
2015/11/21 20:45:30 INFO  - jmeter.threads.JMeterThread: Thread finished: Thread Group 1-1 
2015/11/21 20:45:30 INFO  - jmeter.engine.StandardJMeterEngine: Notifying test listeners of end of test 
2015/11/21 20:45:30 INFO  - jmeter.gui.util.JMeterMenuBar: setRunning(false,*local*) 
2015/11/21 20:45:34 INFO  - jmeter.engine.StandardJMeterEngine: Running the test! 
2015/11/21 20:45:34 INFO  - jmeter.samplers.SampleEvent: List of sample_variables: [] 
2015/11/21 20:45:34 INFO  - jmeter.gui.util.JMeterMenuBar: setRunning(true,*local*) 
2015/11/21 20:45:35 INFO  - jmeter.engine.StandardJMeterEngine: Starting ThreadGroup: 1 : Thread Group 
2015/11/21 20:45:35 INFO  - jmeter.engine.StandardJMeterEngine: Starting 1 threads for group Thread Group. 
2015/11/21 20:45:35 INFO  - jmeter.engine.StandardJMeterEngine: Thread will continue on error 
2015/11/21 20:45:35 INFO  - jmeter.threads.ThreadGroup: Starting thread group number 1 threads 1 ramp-up 1 perThread 1000.0 delayedStart=false 
2015/11/21 20:45:35 INFO  - jmeter.threads.ThreadGroup: Started thread group number 1 
2015/11/21 20:45:35 INFO  - jmeter.engine.StandardJMeterEngine: All thread groups have been started 
2015/11/21 20:45:35 INFO  - jmeter.threads.JMeterThread: Thread started: Thread Group 1-1 
2015/11/21 20:45:35 INFO  - jmeter.threads.JMeterThread: Thread is done: Thread Group 1-1 
2015/11/21 20:45:35 INFO  - jmeter.threads.JMeterThread: Thread finished: Thread Group 1-1 
2015/11/21 20:45:35 INFO  - jmeter.engine.StandardJMeterEngine: Notifying test listeners of end of test 
2015/11/21 20:45:35 INFO  - jmeter.gui.util.JMeterMenuBar: setRunning(false,*local*) 
2015/11/21 20:45:52 INFO  - jmeter.engine.StandardJMeterEngine: Running the test! 
2015/11/21 20:45:52 INFO  - jmeter.samplers.SampleEvent: List of sample_variables: [] 
2015/11/21 20:45:52 INFO  - jmeter.gui.util.JMeterMenuBar: setRunning(true,*local*) 
2015/11/21 20:45:52 INFO  - jmeter.engine.StandardJMeterEngine: Starting ThreadGroup: 1 : Thread Group 
2015/11/21 20:45:52 INFO  - jmeter.engine.StandardJMeterEngine: Starting 1 threads for group Thread Group. 
2015/11/21 20:45:52 INFO  - jmeter.engine.StandardJMeterEngine: Thread will continue on error 
2015/11/21 20:45:52 INFO  - jmeter.threads.ThreadGroup: Starting thread group number 1 threads 1 ramp-up 1 perThread 1000.0 delayedStart=false 
2015/11/21 20:45:52 INFO  - jmeter.threads.ThreadGroup: Started thread group number 1 
2015/11/21 20:45:52 INFO  - jmeter.engine.StandardJMeterEngine: All thread groups have been started 
2015/11/21 20:45:52 INFO  - jmeter.threads.JMeterThread: Thread started: Thread Group 1-1 
2015/11/21 20:45:52 INFO  - jmeter.threads.JMeterThread: Thread is done: Thread Group 1-1 
2015/11/21 20:45:52 INFO  - jmeter.threads.JMeterThread: Thread finished: Thread Group 1-1 
2015/11/21 20:45:52 INFO  - jmeter.engine.StandardJMeterEngine: Notifying test listeners of end of test 
2015/11/21 20:45:52 INFO  - jmeter.gui.util.JMeterMenuBar: setRunning(false,*local*) 
2015/11/21 20:45:54 INFO  - jmeter.engine.StandardJMeterEngine: Running the test! 
2015/11/21 20:45:54 INFO  - jmeter.samplers.SampleEvent: List of sample_variables: [] 
2015/11/21 20:45:54 INFO  - jmeter.gui.util.JMeterMenuBar: setRunning(true,*local*) 
2015/11/21 20:45:54 INFO  - jmeter.engine.StandardJMeterEngine: Starting ThreadGroup: 1 : Thread Group 
2015/11/21 20:45:54 INFO  - jmeter.engine.StandardJMeterEngine: Starting 1 threads for group Thread Group. 
2015/11/21 20:45:54 INFO  - jmeter.engine.StandardJMeterEngine: Thread will continue on error 
2015/11/21 20:45:54 INFO  - jmeter.threads.ThreadGroup: Starting thread group number 1 threads 1 ramp-up 1 perThread 1000.0 delayedStart=false 
2015/11/21 20:45:54 INFO  - jmeter.threads.ThreadGroup: Started thread group number 1 
2015/11/21 20:45:54 INFO  - jmeter.engine.StandardJMeterEngine: All thread groups have been started 
2015/11/21 20:45:54 INFO  - jmeter.threads.JMeterThread: Thread started: Thread Group 1-1 
2015/11/21 20:45:54 INFO  - jmeter.threads.JMeterThread: Thread is done: Thread Group 1-1 
2015/11/21 20:45:54 INFO  - jmeter.threads.JMeterThread: Thread finished: Thread Group 1-1 
2015/11/21 20:45:54 INFO  - jmeter.engine.StandardJMeterEngine: Notifying test listeners of end of test 
2015/11/21 20:45:54 INFO  - jmeter.gui.util.JMeterMenuBar: setRunning(false,*local*) 
2015/11/21 20:45:57 INFO  - jmeter.engine.StandardJMeterEngine: Running the test! 
2015/11/21 20:45:57 INFO  - jmeter.samplers.SampleEvent: List of sample_variables: [] 
2015/11/21 20:45:57 INFO  - jmeter.gui.util.JMeterMenuBar: setRunning(true,*local*) 
2015/11/21 20:45:57 INFO  - jmeter.engine.StandardJMeterEngine: Starting ThreadGroup: 1 : Thread Group 
2015/11/21 20:45:57 INFO  - jmeter.engine.StandardJMeterEngine: Starting 1 threads for group Thread Group. 
2015/11/21 20:45:57 INFO  - jmeter.engine.StandardJMeterEngine: Thread will continue on error 
2015/11/21 20:45:57 INFO  - jmeter.threads.ThreadGroup: Starting thread group number 1 threads 1 ramp-up 1 perThread 1000.0 delayedStart=false 
2015/11/21 20:45:57 INFO  - jmeter.threads.ThreadGroup: Started thread group number 1 
2015/11/21 20:45:57 INFO  - jmeter.engine.StandardJMeterEngine: All thread groups have been started 
2015/11/21 20:45:57 INFO  - jmeter.threads.JMeterThread: Thread started: Thread Group 1-1 
2015/11/21 20:45:57 INFO  - jmeter.threads.JMeterThread: Thread is done: Thread Group 1-1 
2015/11/21 20:45:57 INFO  - jmeter.threads.JMeterThread: Thread finished: Thread Group 1-1 
2015/11/21 20:45:57 INFO  - jmeter.engine.StandardJMeterEngine: Notifying test listeners of end of test 
2015/11/21 20:45:57 INFO  - jmeter.gui.util.JMeterMenuBar: setRunning(false,*local*) 
2015/11/21 20:46:20 INFO  - jmeter.engine.StandardJMeterEngine: Running the test! 
2015/11/21 20:46:20 INFO  - jmeter.samplers.SampleEvent: List of sample_variables: [] 
2015/11/21 20:46:20 INFO  - jmeter.gui.util.JMeterMenuBar: setRunning(true,*local*) 
2015/11/21 20:46:20 INFO  - jmeter.engine.StandardJMeterEngine: Starting ThreadGroup: 1 : Thread Group 
2015/11/21 20:46:20 INFO  - jmeter.engine.StandardJMeterEngine: Starting 1 threads for group Thread Group. 
2015/11/21 20:46:20 INFO  - jmeter.engine.StandardJMeterEngine: Thread will continue on error 
2015/11/21 20:46:20 INFO  - jmeter.threads.ThreadGroup: Starting thread group number 1 threads 1 ramp-up 1 perThread 1000.0 delayedStart=false 
2015/11/21 20:46:20 INFO  - jmeter.threads.ThreadGroup: Started thread group number 1 
2015/11/21 20:46:20 INFO  - jmeter.engine.StandardJMeterEngine: All thread groups have been started 
2015/11/21 20:46:20 INFO  - jmeter.threads.JMeterThread: Thread started: Thread Group 1-1 
2015/11/21 20:46:20 INFO  - jmeter.threads.JMeterThread: Thread is done: Thread Group 1-1 
2015/11/21 20:46:20 INFO  - jmeter.threads.JMeterThread: Thread finished: Thread Group 1-1 
2015/11/21 20:46:20 INFO  - jmeter.engine.StandardJMeterEngine: Notifying test listeners of end of test 
2015/11/21 20:46:20 INFO  - jmeter.gui.util.JMeterMenuBar: setRunning(false,*local*) 
2015/11/21 20:46:24 INFO  - jmeter.engine.StandardJMeterEngine: Running the test! 
2015/11/21 20:46:24 INFO  - jmeter.samplers.SampleEvent: List of sample_variables: [] 
2015/11/21 20:46:24 INFO  - jmeter.gui.util.JMeterMenuBar: setRunning(true,*local*) 
2015/11/21 20:46:24 INFO  - jmeter.engine.StandardJMeterEngine: Starting ThreadGroup: 1 : Thread Group 
2015/11/21 20:46:24 INFO  - jmeter.engine.StandardJMeterEngine: Starting 1 threads for group Thread Group. 
2015/11/21 20:46:24 INFO  - jmeter.engine.StandardJMeterEngine: Thread will continue on error 
2015/11/21 20:46:24 INFO  - jmeter.threads.ThreadGroup: Starting thread group number 1 threads 1 ramp-up 1 perThread 1000.0 delayedStart=false 
2015/11/21 20:46:24 INFO  - jmeter.threads.ThreadGroup: Started thread group number 1 
2015/11/21 20:46:24 INFO  - jmeter.engine.StandardJMeterEngine: All thread groups have been started 
2015/11/21 20:46:24 INFO  - jmeter.threads.JMeterThread: Thread started: Thread Group 1-1 
2015/11/21 20:46:24 INFO  - jmeter.threads.JMeterThread: Thread is done: Thread Group 1-1 
2015/11/21 20:46:24 INFO  - jmeter.threads.JMeterThread: Thread finished: Thread Group 1-1 
2015/11/21 20:46:24 INFO  - jmeter.engine.StandardJMeterEngine: Notifying test listeners of end of test 
2015/11/21 20:46:24 INFO  - jmeter.gui.util.JMeterMenuBar: setRunning(false,*local*) 
2015/11/21 20:46:30 INFO  - jmeter.engine.StandardJMeterEngine: Running the test! 
2015/11/21 20:46:30 INFO  - jmeter.samplers.SampleEvent: List of sample_variables: [] 
2015/11/21 20:46:30 INFO  - jmeter.gui.util.JMeterMenuBar: setRunning(true,*local*) 
2015/11/21 20:46:30 INFO  - jmeter.engine.StandardJMeterEngine: Starting ThreadGroup: 1 : Thread Group 
2015/11/21 20:46:30 INFO  - jmeter.engine.StandardJMeterEngine: Starting 1 threads for group Thread Group. 
2015/11/21 20:46:30 INFO  - jmeter.engine.StandardJMeterEngine: Thread will continue on error 
2015/11/21 20:46:30 INFO  - jmeter.threads.ThreadGroup: Starting thread group number 1 threads 1 ramp-up 1 perThread 1000.0 delayedStart=false 
2015/11/21 20:46:30 INFO  - jmeter.threads.ThreadGroup: Started thread group number 1 
2015/11/21 20:46:30 INFO  - jmeter.engine.StandardJMeterEngine: All thread groups have been started 
2015/11/21 20:46:30 INFO  - jmeter.threads.JMeterThread: Thread started: Thread Group 1-1 
2015/11/21 20:46:30 INFO  - jmeter.threads.JMeterThread: Thread is done: Thread Group 1-1 
2015/11/21 20:46:30 INFO  - jmeter.threads.JMeterThread: Thread finished: Thread Group 1-1 
2015/11/21 20:46:30 INFO  - jmeter.engine.StandardJMeterEngine: Notifying test listeners of end of test 
2015/11/21 20:46:30 INFO  - jmeter.gui.util.JMeterMenuBar: setRunning(false,*local*) 
2015/11/21 20:55:03 INFO  - jmeter.engine.StandardJMeterEngine: Running the test! 
2015/11/21 20:55:03 INFO  - jmeter.samplers.SampleEvent: List of sample_variables: [] 
2015/11/21 20:55:03 INFO  - jmeter.gui.util.JMeterMenuBar: setRunning(true,*local*) 
2015/11/21 20:55:03 INFO  - jmeter.engine.StandardJMeterEngine: Starting ThreadGroup: 1 : Thread Group 
2015/11/21 20:55:03 INFO  - jmeter.engine.StandardJMeterEngine: Starting 1 threads for group Thread Group. 
2015/11/21 20:55:03 INFO  - jmeter.engine.StandardJMeterEngine: Thread will continue on error 
2015/11/21 20:55:03 INFO  - jmeter.threads.ThreadGroup: Starting thread group number 1 threads 1 ramp-up 1 perThread 1000.0 delayedStart=false 
2015/11/21 20:55:03 INFO  - jmeter.threads.ThreadGroup: Started thread group number 1 
2015/11/21 20:55:03 INFO  - jmeter.engine.StandardJMeterEngine: All thread groups have been started 
2015/11/21 20:55:03 INFO  - jmeter.threads.JMeterThread: Thread started: Thread Group 1-1 
2015/11/21 20:55:03 INFO  - jmeter.threads.JMeterThread: Thread is done: Thread Group 1-1 
2015/11/21 20:55:03 INFO  - jmeter.threads.JMeterThread: Thread finished: Thread Group 1-1 
2015/11/21 20:55:03 INFO  - jmeter.engine.StandardJMeterEngine: Notifying test listeners of end of test 
2015/11/21 20:55:03 INFO  - jmeter.gui.util.JMeterMenuBar: setRunning(false,*local*) 
2015/11/21 20:56:34 INFO  - jmeter.engine.StandardJMeterEngine: Running the test! 
2015/11/21 20:56:34 INFO  - jmeter.samplers.SampleEvent: List of sample_variables: [] 
2015/11/21 20:56:34 INFO  - jmeter.gui.util.JMeterMenuBar: setRunning(true,*local*) 
2015/11/21 20:56:34 INFO  - jmeter.engine.StandardJMeterEngine: Starting ThreadGroup: 1 : Thread Group 
2015/11/21 20:56:34 INFO  - jmeter.engine.StandardJMeterEngine: Starting 1 threads for group Thread Group. 
2015/11/21 20:56:34 INFO  - jmeter.engine.StandardJMeterEngine: Thread will continue on error 
2015/11/21 20:56:34 INFO  - jmeter.threads.ThreadGroup: Starting thread group number 1 threads 1 ramp-up 1 perThread 1000.0 delayedStart=false 
2015/11/21 20:56:34 INFO  - jmeter.threads.ThreadGroup: Started thread group number 1 
2015/11/21 20:56:34 INFO  - jmeter.engine.StandardJMeterEngine: All thread groups have been started 
2015/11/21 20:56:34 INFO  - jmeter.threads.JMeterThread: Thread started: Thread Group 1-1 
2015/11/21 20:56:34 INFO  - jmeter.threads.JMeterThread: Thread is done: Thread Group 1-1 
2015/11/21 20:56:34 INFO  - jmeter.threads.JMeterThread: Thread finished: Thread Group 1-1 
2015/11/21 20:56:34 INFO  - jmeter.engine.StandardJMeterEngine: Notifying test listeners of end of test 
2015/11/21 20:56:34 INFO  - jmeter.gui.util.JMeterMenuBar: setRunning(false,*local*) 
